<?xml version="1.0" encoding="UTF-8"?>
<!-- Generated by org.testng.reporters.JUnitReportReporter -->
<testsuite hostname="Neelimas-MacBook-Air.local" failures="0" tests="5" name="testCases.LoginPageTest" time="9.077" errors="0" timestamp="2023-01-03T14:51:16 IST" skipped="0">
  <testcase classname="testCases.LoginPageTest" name="test_Loging" time="1.510"/>
  <system-out/>
  <testcase classname="testCases.LoginPageTest" name="test_Loging" time="2.022"/>
  <system-out/>
  <testcase classname="testCases.LoginPageTest" name="test_Loging" time="1.030"/>
  <system-out/>
  <testcase classname="testCases.LoginPageTest" name="test_Loging" time="3.381"/>
  <system-out/>
  <testcase classname="testCases.LoginPageTest" name="test_Loging" time="1.134"/>
  <system-out/>
</testsuite> <!-- testCases.LoginPageTest -->
