<?xml version="1.0" encoding="UTF-8"?>
<!-- Generated by org.testng.reporters.JUnitReportReporter -->
<testsuite hostname="Neelimas-MacBook-Air.local" failures="0" tests="5" name="testCases.LoginPageTest" time="7.660" errors="0" timestamp="2023-01-03T15:59:25 IST" skipped="0">
  <testcase classname="testCases.LoginPageTest" name="test_Loging" time="1.482"/>
  <system-out/>
  <testcase classname="testCases.LoginPageTest" name="test_Loging" time="1.313"/>
  <system-out/>
  <testcase classname="testCases.LoginPageTest" name="test_Loging" time="1.977"/>
  <system-out/>
  <testcase classname="testCases.LoginPageTest" name="test_Loging" time="1.735"/>
  <system-out/>
  <testcase classname="testCases.LoginPageTest" name="test_Loging" time="1.153"/>
  <system-out/>
</testsuite> <!-- testCases.LoginPageTest -->
